  BatAlgorithm.cpp
e:\studia\fizyka techniczna\mo project\mo project\menuforms\DrawingClass.h(4): fatal error C1083: Cannot open include file: 'SDL\SDL.h': No such file or directory
  BlackHolesAlgorithm.cpp
e:\studia\fizyka techniczna\mo project\mo project\menuforms\BlackHolesAlgorithm.h(4): fatal error C1083: Cannot open include file: 'glm\glm.hpp': No such file or directory
  CauchyRandomNumbers.cpp
e:\studia\fizyka techniczna\mo project\mo project\menuforms\MyRandom.h(4): fatal error C1083: Cannot open include file: 'glm\glm.hpp': No such file or directory
  ChargedSystemSearch.cpp
e:\studia\fizyka techniczna\mo project\mo project\menuforms\DrawingClass.h(4): fatal error C1083: Cannot open include file: 'SDL\SDL.h': No such file or directory
  CuckooSearch.cpp
e:\studia\fizyka techniczna\mo project\mo project\menuforms\CuckooSearch.h(4): fatal error C1083: Cannot open include file: 'glm\glm.hpp': No such file or directory
  DifferentialEvolution.cpp
e:\studia\fizyka techniczna\mo project\mo project\menuforms\DifferentialEvolution.h(4): fatal error C1083: Cannot open include file: 'glm\glm.hpp': No such file or directory
  DrawFourGenerators.cpp
e:\studia\fizyka techniczna\mo project\mo project\menuforms\MyRandom.h(4): fatal error C1083: Cannot open include file: 'glm\glm.hpp': No such file or directory
  FireflyAlgorithm.cpp
e:\studia\fizyka techniczna\mo project\mo project\menuforms\DrawingClass.h(4): fatal error C1083: Cannot open include file: 'SDL\SDL.h': No such file or directory
  Flocking.cpp
e:\studia\fizyka techniczna\mo project\mo project\menuforms\Boid.h(4): fatal error C1083: Cannot open include file: 'glm\glm.hpp': No such file or directory
  functions.cpp
e:\studia\fizyka techniczna\mo project\mo project\menuforms\functions.h(5): fatal error C1083: Cannot open include file: 'glm\glm.hpp': No such file or directory
  GlowwormSwarmAlgorith.cpp
e:\studia\fizyka techniczna\mo project\mo project\menuforms\DrawingClass.h(4): fatal error C1083: Cannot open include file: 'SDL\SDL.h': No such file or directory
  GrawitationalSearchAlgorithm.cpp
e:\studia\fizyka techniczna\mo project\mo project\menuforms\DrawingClass.h(4): fatal error C1083: Cannot open include file: 'SDL\SDL.h': No such file or directory
  IntelligentWaterDrops.cpp
e:\studia\fizyka techniczna\mo project\mo project\menuforms\Vertex.h(5): fatal error C1083: Cannot open include file: 'glm/glm.hpp': No such file or directory
  PSO.cpp
e:\studia\fizyka techniczna\mo project\mo project\menuforms\DrawingClass.h(4): fatal error C1083: Cannot open include file: 'SDL\SDL.h': No such file or directory
  RiverFormationDynamic.cpp
e:\studia\fizyka techniczna\mo project\mo project\menuforms\Vertex.h(5): fatal error C1083: Cannot open include file: 'glm/glm.hpp': No such file or directory
  SimulatedAneaning.cpp
e:\studia\fizyka techniczna\mo project\mo project\menuforms\DrawingClass.h(4): fatal error C1083: Cannot open include file: 'SDL\SDL.h': No such file or directory
  Source.cpp
e:\studia\fizyka techniczna\mo project\mo project\menuforms\optimalizationAlgorithms.h(6): fatal error C1083: Cannot open include file: 'glm\glm.hpp': No such file or directory
  Generating Code...
